# Ratio edge cases - Day 13
# Threshold: >5.0% difference between computed and source values

ADANIENSOL | ROCE | computed=3.58% | source=9.00% | diff=5.42% | category=VERSION_DIFFERENCE - likely different fiscal year/period snapshot, or EBIT proxy (profit_before_tax) differs from source's exact EBIT definition
ADANIENT | ROE | computed=8.53% | source=13.64% | diff=5.11% | category=VERSION_DIFFERENCE - likely different fiscal year/period snapshot between our latest-year pick and source's pre-computed value
ADANIENT | ROCE | computed=4.72% | source=11.60% | diff=6.88% | category=VERSION_DIFFERENCE - likely different fiscal year/period snapshot, or EBIT proxy (profit_before_tax) differs from source's exact EBIT definition
ADANIGREEN | ROCE | computed=2.24% | source=96.50% | diff=94.26% | category=DATA_SOURCE_ISSUE - diff too large to be a timing/version mismatch; likely an understated equity/reserves/borrowings figure in balancesheet.xlsx for this company
ADANIPOWER | ROE | computed=48.28% | source=57.10% | diff=8.82% | category=VERSION_DIFFERENCE - likely different fiscal year/period snapshot between our latest-year pick and source's pre-computed value
ADANIPOWER | ROCE | computed=26.74% | source=32.20% | diff=5.46% | category=VERSION_DIFFERENCE - likely different fiscal year/period snapshot, or EBIT proxy (profit_before_tax) differs from source's exact EBIT definition
APOLLOHOSP | ROCE | computed=11.10% | source=17.20% | diff=6.10% | category=VERSION_DIFFERENCE - likely different fiscal year/period snapshot, or EBIT proxy (profit_before_tax) differs from source's exact EBIT definition
ASIANPAINT | ROCE | computed=34.66% | source=41.75% | diff=7.09% | category=VERSION_DIFFERENCE - likely different fiscal year/period snapshot, or EBIT proxy (profit_before_tax) differs from source's exact EBIT definition
BAJAJFINSV | ROE | computed=25.85% | source=11.72% | diff=14.13% | category=VERSION_DIFFERENCE - likely different fiscal year/period snapshot between our latest-year pick and source's pre-computed value
BAJAJFINSV | ROCE | computed=6.12% | source=21.14% | diff=15.02% | category=VERSION_DIFFERENCE - likely different fiscal year/period snapshot, or EBIT proxy (profit_before_tax) differs from source's exact EBIT definition
BAJFINANCE | ROCE | computed=5.22% | source=11.90% | diff=6.68% | category=VERSION_DIFFERENCE - likely different fiscal year/period snapshot, or EBIT proxy (profit_before_tax) differs from source's exact EBIT definition
BEL | ROE | computed=4744.05% | source=26.30% | diff=4717.75% | category=DATA_SOURCE_ISSUE - diff too large to be a timing/version mismatch; likely an understated equity/reserves figure in balancesheet.xlsx for this company
BEL | ROCE | computed=4146.46% | source=34.60% | diff=4111.86% | category=DATA_SOURCE_ISSUE - diff too large to be a timing/version mismatch; likely an understated equity/reserves/borrowings figure in balancesheet.xlsx for this company
BHARTIARTL | ROCE | computed=4.25% | source=13.10% | diff=8.85% | category=VERSION_DIFFERENCE - likely different fiscal year/period snapshot, or EBIT proxy (profit_before_tax) differs from source's exact EBIT definition
BOSCHLTD | ROCE | computed=26.28% | source=20.60% | diff=5.68% | category=VERSION_DIFFERENCE - likely different fiscal year/period snapshot, or EBIT proxy (profit_before_tax) differs from source's exact EBIT definition
BPCL | ROE | computed=35.51% | source=41.90% | diff=6.39% | category=VERSION_DIFFERENCE - likely different fiscal year/period snapshot between our latest-year pick and source's pre-computed value
CANBK | ROCE | computed=1.37% | source=6.63% | diff=5.26% | category=VERSION_DIFFERENCE - likely different fiscal year/period snapshot, or EBIT proxy (profit_before_tax) differs from source's exact EBIT definition
CHOLAFIN | ROCE | computed=2.99% | source=10.40% | diff=7.41% | category=VERSION_DIFFERENCE - likely different fiscal year/period snapshot, or EBIT proxy (profit_before_tax) differs from source's exact EBIT definition
COALINDIA | ROE | computed=45.17% | source=52.00% | diff=6.83% | category=VERSION_DIFFERENCE - likely different fiscal year/period snapshot between our latest-year pick and source's pre-computed value
COALINDIA | ROCE | computed=54.69% | source=63.60% | diff=8.91% | category=VERSION_DIFFERENCE - likely different fiscal year/period snapshot, or EBIT proxy (profit_before_tax) differs from source's exact EBIT definition
GODREJCP | ROE | computed=-4.45% | source=6.77% | diff=11.22% | category=VERSION_DIFFERENCE - likely different fiscal year/period snapshot between our latest-year pick and source's pre-computed value
GODREJCP | ROCE | computed=1.25% | source=26.49% | diff=25.24% | category=VERSION_DIFFERENCE - likely different fiscal year/period snapshot, or EBIT proxy (profit_before_tax) differs from source's exact EBIT definition
HAL | ROE | computed=3816.58% | source=28.90% | diff=3787.68% | category=DATA_SOURCE_ISSUE - diff too large to be a timing/version mismatch; likely an understated equity/reserves figure in balancesheet.xlsx for this company
HAL | ROCE | computed=3167.39% | source=38.90% | diff=3128.49% | category=DATA_SOURCE_ISSUE - diff too large to be a timing/version mismatch; likely an understated equity/reserves/borrowings figure in balancesheet.xlsx for this company
HDFCBANK | ROCE | computed=2.15% | source=7.67% | diff=5.52% | category=VERSION_DIFFERENCE - likely different fiscal year/period snapshot, or EBIT proxy (profit_before_tax) differs from source's exact EBIT definition
INDIGO | ROCE | computed=862.98% | source=24.50% | diff=838.48% | category=DATA_SOURCE_ISSUE - diff too large to be a timing/version mismatch; likely an understated equity/reserves/borrowings figure in balancesheet.xlsx for this company
INDUSINDBK | ROCE | computed=2.41% | source=7.93% | diff=5.52% | category=VERSION_DIFFERENCE - likely different fiscal year/period snapshot, or EBIT proxy (profit_before_tax) differs from source's exact EBIT definition
IRCTC | ROE | computed=34.40% | source=40.40% | diff=6.00% | category=VERSION_DIFFERENCE - likely different fiscal year/period snapshot between our latest-year pick and source's pre-computed value
IRCTC | ROCE | computed=45.47% | source=53.80% | diff=8.33% | category=VERSION_DIFFERENCE - likely different fiscal year/period snapshot, or EBIT proxy (profit_before_tax) differs from source's exact EBIT definition
JSWSTEEL | ROCE | computed=8.08% | source=13.36% | diff=5.28% | category=VERSION_DIFFERENCE - likely different fiscal year/period snapshot, or EBIT proxy (profit_before_tax) differs from source's exact EBIT definition
LICI | ROE | computed=49.45% | source=63.61% | diff=14.16% | category=VERSION_DIFFERENCE - likely different fiscal year/period snapshot between our latest-year pick and source's pre-computed value
LICI | ROCE | computed=56.82% | source=63.79% | diff=6.97% | category=VERSION_DIFFERENCE - likely different fiscal year/period snapshot, or EBIT proxy (profit_before_tax) differs from source's exact EBIT definition
LT | ROE | computed=77.67% | source=10.49% | diff=67.18% | category=DATA_SOURCE_ISSUE - diff too large to be a timing/version mismatch; likely an understated equity/reserves figure in balancesheet.xlsx for this company
LT | ROCE | computed=92.88% | source=17.18% | diff=75.70% | category=DATA_SOURCE_ISSUE - diff too large to be a timing/version mismatch; likely an understated equity/reserves/borrowings figure in balancesheet.xlsx for this company
LTIM | ROCE | computed=27.38% | source=34.10% | diff=6.72% | category=VERSION_DIFFERENCE - likely different fiscal year/period snapshot, or EBIT proxy (profit_before_tax) differs from source's exact EBIT definition
M&M | ROCE | computed=9.14% | source=26.98% | diff=17.84% | category=VERSION_DIFFERENCE - likely different fiscal year/period snapshot, or EBIT proxy (profit_before_tax) differs from source's exact EBIT definition
MOTHERSON | ROCE | computed=8.33% | source=13.70% | diff=5.37% | category=VERSION_DIFFERENCE - likely different fiscal year/period snapshot, or EBIT proxy (profit_before_tax) differs from source's exact EBIT definition
NESTLEIND | ROE | computed=117.75% | source=135.61% | diff=17.86% | category=VERSION_DIFFERENCE - likely different fiscal year/period snapshot between our latest-year pick and source's pre-computed value
NESTLEIND | ROCE | computed=143.53% | source=185.43% | diff=41.90% | category=VERSION_DIFFERENCE - likely different fiscal year/period snapshot, or EBIT proxy (profit_before_tax) differs from source's exact EBIT definition
PFC | ROE | computed=26.16% | source=19.49% | diff=6.67% | category=VERSION_DIFFERENCE - likely different fiscal year/period snapshot between our latest-year pick and source's pre-computed value
PFC | ROCE | computed=3.49% | source=9.96% | diff=6.47% | category=VERSION_DIFFERENCE - likely different fiscal year/period snapshot, or EBIT proxy (profit_before_tax) differs from source's exact EBIT definition
PNB | ROE | computed=61.32% | source=8.70% | diff=52.62% | category=DATA_SOURCE_ISSUE - diff too large to be a timing/version mismatch; likely an understated equity/reserves figure in balancesheet.xlsx for this company
PNB | ROCE | computed=20.24% | source=1.63% | diff=18.61% | category=VERSION_DIFFERENCE - likely different fiscal year/period snapshot, or EBIT proxy (profit_before_tax) differs from source's exact EBIT definition
RECLTD | ROCE | computed=3.49% | source=10.00% | diff=6.51% | category=VERSION_DIFFERENCE - likely different fiscal year/period snapshot, or EBIT proxy (profit_before_tax) differs from source's exact EBIT definition
SHRIRAMFIN | ROCE | computed=4.07% | source=11.30% | diff=7.23% | category=VERSION_DIFFERENCE - likely different fiscal year/period snapshot, or EBIT proxy (profit_before_tax) differs from source's exact EBIT definition
TATAMOTORS | ROE | computed=37.46% | source=49.40% | diff=11.94% | category=VERSION_DIFFERENCE - likely different fiscal year/period snapshot between our latest-year pick and source's pre-computed value
TATAMOTORS | ROCE | computed=14.55% | source=20.10% | diff=5.55% | category=VERSION_DIFFERENCE - likely different fiscal year/period snapshot, or EBIT proxy (profit_before_tax) differs from source's exact EBIT definition
TATASTEEL | ROE | computed=-5.33% | source=6.55% | diff=11.88% | category=VERSION_DIFFERENCE - likely different fiscal year/period snapshot between our latest-year pick and source's pre-computed value
TATASTEEL | ROCE | computed=-0.64% | source=7.02% | diff=7.66% | category=VERSION_DIFFERENCE - likely different fiscal year/period snapshot, or EBIT proxy (profit_before_tax) differs from source's exact EBIT definition
TCS | ROE | computed=50.94% | source=0.52% | diff=50.42% | category=DATA_SOURCE_ISSUE - source roe_percentage value itself appears to be a data entry error (real-world TCS ROE is ~50%, matching our computed value)
TRENT | ROE | computed=36.31% | source=27.20% | diff=9.11% | category=VERSION_DIFFERENCE - likely different fiscal year/period snapshot between our latest-year pick and source's pre-computed value
TRENT | ROCE | computed=33.00% | source=23.80% | diff=9.20% | category=VERSION_DIFFERENCE - likely different fiscal year/period snapshot, or EBIT proxy (profit_before_tax) differs from source's exact EBIT definition
